<?xml version="1.0" encoding="UTF-8" standalone="no"?><testsuite errors="1" failures="0" hostname="MTVL0928d9a43.local" id="0" name="" package="" tests="1" time="0" timestamp="2011-06-27T18:27:42"><testcase classname="" name="" time="0"><error message="Exception raised while running script: SyntaxError: Parse error&#10;2326: &#9;&#9;// this.getElement(&quot;eventsButton&quot;).tap(); &#10;2327: &#9;&#9;// return this; &#10;2328: &#9; &#10;2329: &#9;//TODO: Add more action functions here. &#10;2330: }); &lt;-----&#10;2331: /** &#10;2332:  * StemView.js &#10;2333:  *  &#10;2334:  * This view is responsible for discovering its current environment and  &#10;2335:  * specializing itself based upon what is around it. Just like a &quot;stem cell,&quot;"/></testcase></testsuite>