<?xml version="1.0" encoding="UTF-8" standalone="no"?><testsuite errors="0" failures="0" hostname="MTVL0928d70d0.local" id="1" name="IntuitTestSet" package="" tests="4" time="7" timestamp="2011-11-30T19:05:31Z"><testcase classname="IntuitTestSet" name="setUpTestSet();" time="1"/><testcase classname="IntuitTestSet" name="testLoadHomePageInIntuit()" time="2"/><testcase classname="IntuitTestSet" name="testScrollingWhileInIntuit()" time="4"/><testcase classname="IntuitTestSet" name="tearDownTestSet();" time="0"/></testsuite>