<?xml version="1.0" encoding="UTF-8" standalone="no"?><testsuite errors="0" failures="0" hostname="MTVL0928d70d0.local" id="3" name="FeaturesTestSet" package="" tests="5" time="18" timestamp="2011-11-30T19:05:55Z"><testcase classname="FeaturesTestSet" name="setUpTestSet();" time="1"/><testcase classname="FeaturesTestSet" name="testZoomInAndOutInFeatures()" time="3"/><testcase classname="FeaturesTestSet" name="testViewDetailsInFeatures()" time="6"/><testcase classname="FeaturesTestSet" name="testScrollingInFeatures()" time="8"/><testcase classname="FeaturesTestSet" name="tearDownTestSet();" time="0"/></testsuite>