<?xml version="1.0" encoding="UTF-8" standalone="no"?><testsuite errors="0" failures="0" hostname="MTVL0928d70d0.local" id="2" name="InfoTestSet" package="" tests="4" time="6" timestamp="2011-11-30T19:05:37Z"><testcase classname="InfoTestSet" name="setUpTestSet();" time="0"/><testcase classname="InfoTestSet" name="testSelectListingInInfo()" time="4"/><testcase classname="InfoTestSet" name="testScrollingWhileViewingInfoList()" time="2"/><testcase classname="InfoTestSet" name="tearDownTestSet();" time="0"/></testsuite>