<?xml version="1.0" encoding="UTF-8" standalone="no"?><testsuite errors="0" failures="0" hostname="MTVL0928d70d0.local" id="4" name="EventsTestSet" package="" tests="4" time="15" timestamp="2011-11-30T19:06:11Z"><testcase classname="EventsTestSet" name="setUpTestSet();" time="2"/><testcase classname="EventsTestSet" name="testSelectListingInEvents()" time="8"/><testcase classname="EventsTestSet" name="testScrollingWhileViewingEventsList()" time="5"/><testcase classname="EventsTestSet" name="tearDownTestSet();" time="0"/></testsuite>