<?xml version="1.0" encoding="UTF-8" standalone="no"?><testsuite errors="0" failures="0" hostname="MTVL0928d70d0.local" id="5" name="HomeScreenTestSet" package="" tests="4" time="18" timestamp="2011-11-30T19:06:29Z"><testcase classname="HomeScreenTestSet" name="setUpTestSet();" time="2"/><testcase classname="HomeScreenTestSet" name="testHomeScreenSwipeBetweenIconSets()" time="5"/><testcase classname="HomeScreenTestSet" name="testAboutAlertAndSaveMessage()" time="11"/><testcase classname="HomeScreenTestSet" name="tearDownTestSet();" time="0"/></testsuite>