<?xml version="1.0" encoding="UTF-8" standalone="no"?><testsuite errors="0" failures="0" hostname="MTVL0928d70d0.local" id="0" name="SettingsTestSet" package="" tests="3" time="12" timestamp="2011-11-30T19:05:24Z"><testcase classname="SettingsTestSet" name="setUpTestSet();" time="0"/><testcase classname="SettingsTestSet" name="testModifyFieldsInSettings()" time="12"/><testcase classname="SettingsTestSet" name="tearDownTestSet();" time="0"/></testsuite>