<?xml version="1.0" encoding="UTF-8" standalone="no"?><testsuite errors="0" failures="0" hostname="MTVL0928d70d0.local" id="0" name="EventsTestSet" package="" tests="3" time="8" timestamp="2011-11-30T19:09:13Z"><testcase classname="EventsTestSet" name="testSelectListingInEvents()" time="6"/><testcase classname="EventsTestSet" name="testScrollingWhileViewingEventsList()" time="2"/><testcase classname="EventsTestSet" name="tearDownTestSet();" time="0"/></testsuite>