<?xml version="1.0" encoding="UTF-8" standalone="no"?><testsuite errors="0" failures="0" hostname="MTVL0928d70d0.local" id="0" name="EventsTestSet" package="" tests="4" time="7" timestamp="2011-12-01T19:45:34Z"><testcase classname="EventsTestSet" name="setUpTestSet();" time="0"/><testcase classname="EventsTestSet" name="testSelectListingInEvents()" time="5"/><testcase classname="EventsTestSet" name="testScrollingWhileViewingEventsList()" time="2"/><testcase classname="EventsTestSet" name="tearDownTestSet();" time="0"/></testsuite>