<?xml version="1.0" encoding="UTF-8" standalone="no"?><testsuite errors="0" failures="0" hostname="MTVL0928d70d0.local" id="0" name="EventsTestSet" package="" tests="3" time="7" timestamp="2011-11-30T19:06:48Z"><testcase classname="EventsTestSet" name="testSelectListingInEvents()" time="4"/><testcase classname="EventsTestSet" name="testScrollingWhileViewingEventsList()" time="3"/><testcase classname="EventsTestSet" name="tearDownTestSet();" time="0"/></testsuite>